[0m22:43:44.806693 [debug] [MainThread]: Sending event: {'category': 'dbt', 'action': 'invocation', 'label': 'start', 'context': [<snowplow_tracker.self_describing_json.SelfDescribingJson object at 0x106e5bd70>, <snowplow_tracker.self_describing_json.SelfDescribingJson object at 0x1089ada60>, <snowplow_tracker.self_describing_json.SelfDescribingJson object at 0x1089ad760>]}


============================== 22:43:44.808775 | 791a6c61-faeb-4be7-a1c8-709417e0c8bb ==============================
[0m22:43:44.808775 [info ] [MainThread]: Running with dbt=1.8.5
[0m22:43:44.809052 [debug] [MainThread]: running dbt with arguments {'printer_width': '80', 'indirect_selection': 'eager', 'log_cache_events': 'False', 'write_json': 'True', 'partial_parse': 'True', 'cache_selected_only': 'False', 'profiles_dir': '/Users/fernandomaximoferreira/.dbt', 'fail_fast': 'False', 'version_check': 'True', 'log_path': 'logs', 'warn_error': 'None', 'debug': 'False', 'use_colors': 'True', 'use_experimental_parser': 'False', 'empty': 'None', 'quiet': 'False', 'no_print': 'None', 'log_format': 'default', 'invocation_command': 'dbt init', 'warn_error_options': 'WarnErrorOptions(include=[], exclude=[])', 'introspect': 'True', 'target_path': 'None', 'static_parser': 'True', 'send_anonymous_usage_stats': 'True'}
[0m22:44:17.830864 [debug] [MainThread]: Starter project path: /Users/fernandomaximoferreira/Documents/az-transformation/dbt-env/lib/python3.12/site-packages/dbt/include/starter_project
[0m22:44:17.846383 [info ] [MainThread]: 
Your new dbt project "analytics" was created!

For more information on how to configure the profiles.yml file,
please consult the dbt documentation here:

  https://docs.getdbt.com/docs/configure-your-profile

One more thing:

Need help? Don't hesitate to reach out to us via GitHub issues or on Slack:

  https://community.getdbt.com/

Happy modeling!

[0m22:44:17.846965 [info ] [MainThread]: Setting up your profile.
[0m22:44:53.891855 [error] [MainThread]: Encountered an error:

[0m22:44:53.898424 [error] [MainThread]: Traceback (most recent call last):
  File "/Users/fernandomaximoferreira/Documents/az-transformation/dbt-env/lib/python3.12/site-packages/dbt/cli/requires.py", line 138, in wrapper
    result, success = func(*args, **kwargs)
                      ^^^^^^^^^^^^^^^^^^^^^
  File "/Users/fernandomaximoferreira/Documents/az-transformation/dbt-env/lib/python3.12/site-packages/dbt/cli/requires.py", line 101, in wrapper
    return func(*args, **kwargs)
           ^^^^^^^^^^^^^^^^^^^^^
  File "/Users/fernandomaximoferreira/Documents/az-transformation/dbt-env/lib/python3.12/site-packages/dbt/cli/main.py", line 470, in init
    results = task.run()
              ^^^^^^^^^^
  File "/Users/fernandomaximoferreira/Documents/az-transformation/dbt-env/lib/python3.12/site-packages/dbt/task/init.py", line 347, in run
    self.setup_profile(profile_name)
  File "/Users/fernandomaximoferreira/Documents/az-transformation/dbt-env/lib/python3.12/site-packages/dbt/task/init.py", line 263, in setup_profile
    self.create_profile_from_target(adapter, profile_name=profile_name)
  File "/Users/fernandomaximoferreira/Documents/az-transformation/dbt-env/lib/python3.12/site-packages/dbt/task/init.py", line 180, in create_profile_from_target
    self.create_profile_from_profile_template(profile_template, profile_name)
  File "/Users/fernandomaximoferreira/Documents/az-transformation/dbt-env/lib/python3.12/site-packages/dbt/task/init.py", line 164, in create_profile_from_profile_template
    target = self.generate_target_from_input(prompts, initial_target)
             ^^^^^^^^^^^^^^^^^^^^^^^^^^^^^^^^^^^^^^^^^^^^^^^^^^^^^^^^
  File "/Users/fernandomaximoferreira/Documents/az-transformation/dbt-env/lib/python3.12/site-packages/dbt/task/init.py", line 117, in generate_target_from_input
    target = self.generate_target_from_input(
             ^^^^^^^^^^^^^^^^^^^^^^^^^^^^^^^^
  File "/Users/fernandomaximoferreira/Documents/az-transformation/dbt-env/lib/python3.12/site-packages/dbt/task/init.py", line 130, in generate_target_from_input
    target[key] = click.prompt(
                  ^^^^^^^^^^^^^
  File "/Users/fernandomaximoferreira/Documents/az-transformation/dbt-env/lib/python3.12/site-packages/click/termui.py", line 164, in prompt
    value = prompt_func(prompt)
            ^^^^^^^^^^^^^^^^^^^
  File "/Users/fernandomaximoferreira/Documents/az-transformation/dbt-env/lib/python3.12/site-packages/click/termui.py", line 147, in prompt_func
    raise Abort() from None
click.exceptions.Abort

[0m22:44:53.914047 [debug] [MainThread]: Resource report: {"command_name": "init", "command_wall_clock_time": 69.13249, "process_user_time": 1.037827, "process_kernel_time": 0.264994, "process_mem_max_rss": "187973632", "command_success": false, "process_in_blocks": "0", "process_out_blocks": "0"}
[0m22:44:53.914964 [debug] [MainThread]: Command `dbt init` failed at 22:44:53.914857 after 69.13 seconds
[0m22:44:53.915327 [debug] [MainThread]: Sending event: {'category': 'dbt', 'action': 'invocation', 'label': 'end', 'context': [<snowplow_tracker.self_describing_json.SelfDescribingJson object at 0x1089ad850>, <snowplow_tracker.self_describing_json.SelfDescribingJson object at 0x10e85c6e0>, <snowplow_tracker.self_describing_json.SelfDescribingJson object at 0x1098e7860>]}
[0m22:44:53.915707 [debug] [MainThread]: Flushing usage events
[0m22:44:57.599226 [debug] [MainThread]: Sending event: {'category': 'dbt', 'action': 'invocation', 'label': 'start', 'context': [<snowplow_tracker.self_describing_json.SelfDescribingJson object at 0x121261040>, <snowplow_tracker.self_describing_json.SelfDescribingJson object at 0x12154d8e0>, <snowplow_tracker.self_describing_json.SelfDescribingJson object at 0x12154d5b0>]}


============================== 22:44:57.601442 | fdbb276d-cf15-4bf4-94b3-10b70b436068 ==============================
[0m22:44:57.601442 [info ] [MainThread]: Running with dbt=1.8.5
[0m22:44:57.601711 [debug] [MainThread]: running dbt with arguments {'printer_width': '80', 'indirect_selection': 'eager', 'write_json': 'True', 'log_cache_events': 'False', 'partial_parse': 'True', 'cache_selected_only': 'False', 'profiles_dir': '/Users/fernandomaximoferreira/.dbt', 'fail_fast': 'False', 'version_check': 'True', 'log_path': 'logs', 'warn_error': 'None', 'debug': 'False', 'use_colors': 'True', 'use_experimental_parser': 'False', 'no_print': 'None', 'quiet': 'False', 'empty': 'None', 'log_format': 'default', 'invocation_command': 'dbt init', 'introspect': 'True', 'static_parser': 'True', 'target_path': 'None', 'warn_error_options': 'WarnErrorOptions(include=[], exclude=[])', 'send_anonymous_usage_stats': 'True'}
[0m22:45:03.402740 [info ] [MainThread]: A project called analytics already exists here.
[0m22:45:03.405567 [debug] [MainThread]: Resource report: {"command_name": "init", "command_success": true, "command_wall_clock_time": 5.828112, "process_user_time": 0.453179, "process_kernel_time": 0.071042, "process_mem_max_rss": "93028352", "process_in_blocks": "0", "process_out_blocks": "0"}
[0m22:45:03.406632 [debug] [MainThread]: Command `dbt init` succeeded at 22:45:03.406452 after 5.83 seconds
[0m22:45:03.407276 [debug] [MainThread]: Sending event: {'category': 'dbt', 'action': 'invocation', 'label': 'end', 'context': [<snowplow_tracker.self_describing_json.SelfDescribingJson object at 0x1215c36e0>, <snowplow_tracker.self_describing_json.SelfDescribingJson object at 0x1209ae660>, <snowplow_tracker.self_describing_json.SelfDescribingJson object at 0x121578590>]}
[0m22:45:03.407984 [debug] [MainThread]: Flushing usage events
[0m22:45:26.892042 [debug] [MainThread]: Sending event: {'category': 'dbt', 'action': 'invocation', 'label': 'start', 'context': [<snowplow_tracker.self_describing_json.SelfDescribingJson object at 0x101d2e2d0>, <snowplow_tracker.self_describing_json.SelfDescribingJson object at 0x103f75bb0>, <snowplow_tracker.self_describing_json.SelfDescribingJson object at 0x103f758e0>]}


============================== 22:45:26.893936 | 961b8080-e620-410d-8e08-6c1204e68780 ==============================
[0m22:45:26.893936 [info ] [MainThread]: Running with dbt=1.8.5
[0m22:45:26.894202 [debug] [MainThread]: running dbt with arguments {'printer_width': '80', 'indirect_selection': 'eager', 'write_json': 'True', 'log_cache_events': 'False', 'partial_parse': 'True', 'cache_selected_only': 'False', 'profiles_dir': '/Users/fernandomaximoferreira/.dbt', 'fail_fast': 'False', 'debug': 'False', 'log_path': 'logs', 'warn_error': 'None', 'version_check': 'True', 'use_colors': 'True', 'use_experimental_parser': 'False', 'empty': 'None', 'quiet': 'False', 'no_print': 'None', 'log_format': 'default', 'introspect': 'True', 'warn_error_options': 'WarnErrorOptions(include=[], exclude=[])', 'invocation_command': 'dbt init', 'target_path': 'None', 'static_parser': 'True', 'send_anonymous_usage_stats': 'True'}
[0m22:45:28.553046 [debug] [MainThread]: Starter project path: /Users/fernandomaximoferreira/Documents/az-transformation/dbt-env/lib/python3.12/site-packages/dbt/include/starter_project
[0m22:45:28.568277 [info ] [MainThread]: 
Your new dbt project "analytics" was created!

For more information on how to configure the profiles.yml file,
please consult the dbt documentation here:

  https://docs.getdbt.com/docs/configure-your-profile

One more thing:

Need help? Don't hesitate to reach out to us via GitHub issues or on Slack:

  https://community.getdbt.com/

Happy modeling!

[0m22:45:28.569462 [info ] [MainThread]: Setting up your profile.
[0m22:45:50.619682 [info ] [MainThread]: Profile analytics written to /Users/fernandomaximoferreira/.dbt/profiles.yml using target's profile_template.yml and your supplied values. Run 'dbt debug' to validate the connection.
[0m22:45:50.624508 [debug] [MainThread]: Resource report: {"command_name": "init", "command_success": true, "command_wall_clock_time": 23.754213, "process_user_time": 0.759261, "process_kernel_time": 0.148595, "process_mem_max_rss": "186007552", "process_in_blocks": "0", "process_out_blocks": "0"}
[0m22:45:50.625484 [debug] [MainThread]: Command `dbt init` succeeded at 22:45:50.625349 after 23.76 seconds
[0m22:45:50.625990 [debug] [MainThread]: Sending event: {'category': 'dbt', 'action': 'invocation', 'label': 'end', 'context': [<snowplow_tracker.self_describing_json.SelfDescribingJson object at 0x101d2e2d0>, <snowplow_tracker.self_describing_json.SelfDescribingJson object at 0x111290170>, <snowplow_tracker.self_describing_json.SelfDescribingJson object at 0x103fe06e0>]}
[0m22:45:50.626454 [debug] [MainThread]: Flushing usage events
[0m22:36:07.065916 [debug] [MainThread]: Sending event: {'category': 'dbt', 'action': 'invocation', 'label': 'start', 'context': [<snowplow_tracker.self_describing_json.SelfDescribingJson object at 0x106a89190>, <snowplow_tracker.self_describing_json.SelfDescribingJson object at 0x106a3b170>, <snowplow_tracker.self_describing_json.SelfDescribingJson object at 0x106309130>]}


============================== 22:36:07.068628 | c376d504-821c-4d38-a847-2e84b2dfb9c4 ==============================
[0m22:36:07.068628 [info ] [MainThread]: Running with dbt=1.8.5
[0m22:36:07.068909 [debug] [MainThread]: running dbt with arguments {'printer_width': '80', 'indirect_selection': 'eager', 'log_cache_events': 'False', 'write_json': 'True', 'partial_parse': 'True', 'cache_selected_only': 'False', 'profiles_dir': '/Users/fernandomaximoferreira/.dbt', 'debug': 'False', 'warn_error': 'None', 'log_path': 'logs', 'fail_fast': 'False', 'version_check': 'True', 'use_colors': 'True', 'use_experimental_parser': 'False', 'empty': 'None', 'quiet': 'False', 'no_print': 'None', 'log_format': 'default', 'introspect': 'True', 'static_parser': 'True', 'invocation_command': 'dbt debug', 'target_path': 'None', 'warn_error_options': 'WarnErrorOptions(include=[], exclude=[])', 'send_anonymous_usage_stats': 'True'}
[0m22:36:07.077724 [info ] [MainThread]: dbt version: 1.8.5
[0m22:36:07.077969 [info ] [MainThread]: python version: 3.12.4
[0m22:36:07.078098 [info ] [MainThread]: python path: /Users/fernandomaximoferreira/Documents/az-transformation/dbt-env/bin/python3.12
[0m22:36:07.078257 [info ] [MainThread]: os info: macOS-14.6.1-arm64-arm-64bit
[0m22:36:09.731524 [info ] [MainThread]: Error importing adapter: No module named 'dbt.adapters.snowflake'
[0m22:36:09.732569 [info ] [MainThread]: Using profiles dir at /Users/fernandomaximoferreira/.dbt
[0m22:36:09.732716 [info ] [MainThread]: Using profiles.yml file at /Users/fernandomaximoferreira/.dbt/profiles.yml
[0m22:36:09.732852 [info ] [MainThread]: Using dbt_project.yml file at /Users/fernandomaximoferreira/Documents/az-transformation/dbt_project.yml
[0m22:36:09.732978 [info ] [MainThread]: Configuration:
[0m22:36:09.733083 [info ] [MainThread]:   profiles.yml file [[31mERROR invalid[0m]
[0m22:36:09.733190 [info ] [MainThread]:   dbt_project.yml file [[31mERROR not found[0m]
[0m22:36:09.733290 [info ] [MainThread]: Required dependencies:
[0m22:36:09.733436 [debug] [MainThread]: Executing "git --help"
[0m22:36:09.746589 [debug] [MainThread]: STDOUT: "b"usage: git [-v | --version] [-h | --help] [-C <path>] [-c <name>=<value>]\n           [--exec-path[=<path>]] [--html-path] [--man-path] [--info-path]\n           [-p | --paginate | -P | --no-pager] [--no-replace-objects] [--bare]\n           [--git-dir=<path>] [--work-tree=<path>] [--namespace=<name>]\n           [--super-prefix=<path>] [--config-env=<name>=<envvar>]\n           <command> [<args>]\n\nThese are common Git commands used in various situations:\n\nstart a working area (see also: git help tutorial)\n   clone     Clone a repository into a new directory\n   init      Create an empty Git repository or reinitialize an existing one\n\nwork on the current change (see also: git help everyday)\n   add       Add file contents to the index\n   mv        Move or rename a file, a directory, or a symlink\n   restore   Restore working tree files\n   rm        Remove files from the working tree and from the index\n\nexamine the history and state (see also: git help revisions)\n   bisect    Use binary search to find the commit that introduced a bug\n   diff      Show changes between commits, commit and working tree, etc\n   grep      Print lines matching a pattern\n   log       Show commit logs\n   show      Show various types of objects\n   status    Show the working tree status\n\ngrow, mark and tweak your common history\n   branch    List, create, or delete branches\n   commit    Record changes to the repository\n   merge     Join two or more development histories together\n   rebase    Reapply commits on top of another base tip\n   reset     Reset current HEAD to the specified state\n   switch    Switch branches\n   tag       Create, list, delete or verify a tag object signed with GPG\n\ncollaborate (see also: git help workflows)\n   fetch     Download objects and refs from another repository\n   pull      Fetch from and integrate with another repository or a local branch\n   push      Update remote refs along with associated objects\n\n'git help -a' and 'git help -g' list available subcommands and some\nconcept guides. See 'git help <command>' or 'git help <concept>'\nto read about a specific subcommand or concept.\nSee 'git help git' for an overview of the system.\n""
[0m22:36:09.747010 [debug] [MainThread]: STDERR: "b''"
[0m22:36:09.747160 [info ] [MainThread]:  - git [[32mOK found[0m]

[0m22:36:09.747294 [info ] [MainThread]: Connection test skipped since no profile was found
[0m22:36:09.747501 [info ] [MainThread]: [31m2 checks failed:[0m
[0m22:36:09.747614 [info ] [MainThread]: Could not load dbt_project.yml
Profile loading failed for the following reason:
Runtime Error
  Credentials in profile "carmen", target "dev" invalid: Runtime Error
    Could not find adapter type snowflake!


[0m22:36:09.747738 [info ] [MainThread]: Project loading failed for the following reason:
 project path </Users/fernandomaximoferreira/Documents/az-transformation/dbt_project.yml> not found

[0m22:36:09.749771 [debug] [MainThread]: Resource report: {"command_name": "debug", "command_wall_clock_time": 2.7130604, "process_user_time": 0.904133, "process_kernel_time": 0.272137, "process_mem_max_rss": "187940864", "command_success": false, "process_in_blocks": "0", "process_out_blocks": "0"}
[0m22:36:09.750074 [debug] [MainThread]: Command `dbt debug` failed at 22:36:09.750032 after 2.71 seconds
[0m22:36:09.750268 [debug] [MainThread]: Sending event: {'category': 'dbt', 'action': 'invocation', 'label': 'end', 'context': [<snowplow_tracker.self_describing_json.SelfDescribingJson object at 0x106a89190>, <snowplow_tracker.self_describing_json.SelfDescribingJson object at 0x106d4cfe0>, <snowplow_tracker.self_describing_json.SelfDescribingJson object at 0x10e9b6c00>]}
[0m22:36:09.750439 [debug] [MainThread]: Flushing usage events
[0m23:00:25.972534 [debug] [MainThread]: Sending event: {'category': 'dbt', 'action': 'invocation', 'label': 'start', 'context': [<snowplow_tracker.self_describing_json.SelfDescribingJson object at 0x104f65220>, <snowplow_tracker.self_describing_json.SelfDescribingJson object at 0x10524dbe0>, <snowplow_tracker.self_describing_json.SelfDescribingJson object at 0x10524d940>]}


============================== 23:00:25.974757 | 0797c868-737f-403d-b7b1-b351bc341b62 ==============================
[0m23:00:25.974757 [info ] [MainThread]: Running with dbt=1.8.5
[0m23:00:25.975010 [debug] [MainThread]: running dbt with arguments {'printer_width': '80', 'indirect_selection': 'eager', 'log_cache_events': 'False', 'write_json': 'True', 'partial_parse': 'True', 'cache_selected_only': 'False', 'warn_error': 'None', 'version_check': 'True', 'fail_fast': 'False', 'log_path': 'logs', 'profiles_dir': '/Users/fernandomaximoferreira/.dbt', 'debug': 'False', 'use_colors': 'True', 'use_experimental_parser': 'False', 'empty': 'None', 'quiet': 'False', 'no_print': 'None', 'warn_error_options': 'WarnErrorOptions(include=[], exclude=[])', 'static_parser': 'True', 'introspect': 'True', 'log_format': 'default', 'target_path': 'None', 'invocation_command': 'dbt debug', 'send_anonymous_usage_stats': 'True'}
[0m23:00:25.982216 [info ] [MainThread]: dbt version: 1.8.5
[0m23:00:25.982506 [info ] [MainThread]: python version: 3.12.4
[0m23:00:25.982641 [info ] [MainThread]: python path: /Users/fernandomaximoferreira/Documents/az-transformation/dbt-env/bin/python3.12
[0m23:00:25.982757 [info ] [MainThread]: os info: macOS-14.6.1-arm64-arm-64bit
[0m23:00:26.541317 [info ] [MainThread]: Error importing adapter: No module named 'dbt.adapters.snowflake'
[0m23:00:26.542326 [info ] [MainThread]: Using profiles dir at /Users/fernandomaximoferreira/.dbt
[0m23:00:26.542476 [info ] [MainThread]: Using profiles.yml file at /Users/fernandomaximoferreira/.dbt/profiles.yml
[0m23:00:26.542600 [info ] [MainThread]: Using dbt_project.yml file at /Users/fernandomaximoferreira/Documents/az-transformation/dbt_project.yml
[0m23:00:26.542725 [info ] [MainThread]: Configuration:
[0m23:00:26.542841 [info ] [MainThread]:   profiles.yml file [[31mERROR invalid[0m]
[0m23:00:26.542946 [info ] [MainThread]:   dbt_project.yml file [[31mERROR not found[0m]
[0m23:00:26.543048 [info ] [MainThread]: Required dependencies:
[0m23:00:26.543190 [debug] [MainThread]: Executing "git --help"
[0m23:00:26.555617 [debug] [MainThread]: STDOUT: "b"usage: git [-v | --version] [-h | --help] [-C <path>] [-c <name>=<value>]\n           [--exec-path[=<path>]] [--html-path] [--man-path] [--info-path]\n           [-p | --paginate | -P | --no-pager] [--no-replace-objects] [--bare]\n           [--git-dir=<path>] [--work-tree=<path>] [--namespace=<name>]\n           [--super-prefix=<path>] [--config-env=<name>=<envvar>]\n           <command> [<args>]\n\nThese are common Git commands used in various situations:\n\nstart a working area (see also: git help tutorial)\n   clone     Clone a repository into a new directory\n   init      Create an empty Git repository or reinitialize an existing one\n\nwork on the current change (see also: git help everyday)\n   add       Add file contents to the index\n   mv        Move or rename a file, a directory, or a symlink\n   restore   Restore working tree files\n   rm        Remove files from the working tree and from the index\n\nexamine the history and state (see also: git help revisions)\n   bisect    Use binary search to find the commit that introduced a bug\n   diff      Show changes between commits, commit and working tree, etc\n   grep      Print lines matching a pattern\n   log       Show commit logs\n   show      Show various types of objects\n   status    Show the working tree status\n\ngrow, mark and tweak your common history\n   branch    List, create, or delete branches\n   commit    Record changes to the repository\n   merge     Join two or more development histories together\n   rebase    Reapply commits on top of another base tip\n   reset     Reset current HEAD to the specified state\n   switch    Switch branches\n   tag       Create, list, delete or verify a tag object signed with GPG\n\ncollaborate (see also: git help workflows)\n   fetch     Download objects and refs from another repository\n   pull      Fetch from and integrate with another repository or a local branch\n   push      Update remote refs along with associated objects\n\n'git help -a' and 'git help -g' list available subcommands and some\nconcept guides. See 'git help <command>' or 'git help <concept>'\nto read about a specific subcommand or concept.\nSee 'git help git' for an overview of the system.\n""
[0m23:00:26.556119 [debug] [MainThread]: STDERR: "b''"
[0m23:00:26.556258 [info ] [MainThread]:  - git [[32mOK found[0m]

[0m23:00:26.556390 [info ] [MainThread]: Connection test skipped since no profile was found
[0m23:00:26.556597 [info ] [MainThread]: [31m2 checks failed:[0m
[0m23:00:26.556788 [info ] [MainThread]: Could not load dbt_project.yml
Profile loading failed for the following reason:
Runtime Error
  Credentials in profile "carmen", target "dev" invalid: Runtime Error
    Could not find adapter type snowflake!


[0m23:00:26.556997 [info ] [MainThread]: Project loading failed for the following reason:
 project path </Users/fernandomaximoferreira/Documents/az-transformation/dbt_project.yml> not found

[0m23:00:26.558487 [debug] [MainThread]: Resource report: {"command_name": "debug", "command_wall_clock_time": 0.6096552, "process_user_time": 0.694618, "process_kernel_time": 0.164329, "process_mem_max_rss": "186630144", "command_success": false, "process_in_blocks": "0", "process_out_blocks": "0"}
[0m23:00:26.558766 [debug] [MainThread]: Command `dbt debug` failed at 23:00:26.558723 after 0.61 seconds
[0m23:00:26.558957 [debug] [MainThread]: Sending event: {'category': 'dbt', 'action': 'invocation', 'label': 'end', 'context': [<snowplow_tracker.self_describing_json.SelfDescribingJson object at 0x10524da30>, <snowplow_tracker.self_describing_json.SelfDescribingJson object at 0x105278110>, <snowplow_tracker.self_describing_json.SelfDescribingJson object at 0x11367eed0>]}
[0m23:00:26.559130 [debug] [MainThread]: Flushing usage events
